\BOOKMARK [0][-]{chapter.1}{\376\377\000I\000n\000t\000r\000o\000d\000u\000c\000t\000i\000o\000n}{}% 1
\BOOKMARK [1][-]{section.1.1}{\376\377\000P\000o\000s\000s\000i\000b\000i\000l\000i\000t\000i\000e\000s\000\040\000o\000f\000\040\000o\000u\000r\000\040\000f\000u\000t\000u\000r\000e\000:}{chapter.1}% 2
\BOOKMARK [1][-]{section.1.2}{\376\377\000A\000u\000t\000h\000o\000r\040\031\000s\000:}{chapter.1}% 3
\BOOKMARK [0][-]{chapter.2}{\376\377\000T\000u\000t\000o\000r\000i\000a\000l}{}% 4
\BOOKMARK [0][-]{chapter.3}{\376\377\000E\000x\000p\000l\000a\000n\000a\000t\000i\000o\000n}{}% 5
\BOOKMARK [1][-]{section.3.1}{\376\377\000L\000i\000v\000e\000-\000A\000p\000p\000l\000i\000c\000a\000t\000i\000o\000n}{chapter.3}% 6
\BOOKMARK [2][-]{subsection.3.1.1}{\376\377\000L\000a\000u\000f\000z\000e\000i\000t}{section.3.1}% 7
\BOOKMARK [1][-]{section.3.2}{\376\377\000A\000I\000-\000M\000o\000d\000e\000l\000-\000S\000e\000l\000e\000c\000t\000i\000o\000n}{chapter.3}% 8
\BOOKMARK [1][-]{section.3.3}{\376\377\000T\000i\000m\000e\000r\000o\000w}{chapter.3}% 9
\BOOKMARK [0][-]{chapter.4}{\376\377\000a\000n\000o\000o\000g}{}% 10
\BOOKMARK [1][-]{section.4.1}{\376\377\000a\000n\000o\000o\000g\000.\000a\000u\000t\000o\000m\000a\000t\000i\000o\000n}{chapter.4}% 11
\BOOKMARK [2][-]{subsection.4.1.1}{\376\377\000a\000n\000o\000o\000g\000.\000a\000u\000t\000o\000m\000a\000t\000i\000o\000n\000.\000a\000i\000\137\000m\000o\000d\000e\000l}{section.4.1}% 12
\BOOKMARK [2][-]{subsection.4.1.2}{\376\377\000a\000n\000o\000o\000g\000.\000a\000u\000t\000o\000m\000a\000t\000i\000o\000n\000.\000b\000g\000\137\000b\000o\000o\000s\000t\000e\000r}{section.4.1}% 13
\BOOKMARK [2][-]{subsection.4.1.3}{\376\377\000a\000n\000o\000o\000g\000.\000a\000u\000t\000o\000m\000a\000t\000i\000o\000n\000.\000c\000o\000n\000t\000r\000o\000l\000l\000e\000r}{section.4.1}% 14
\BOOKMARK [2][-]{subsection.4.1.4}{\376\377\000a\000n\000o\000o\000g\000.\000a\000u\000t\000o\000m\000a\000t\000i\000o\000n\000.\000e\000v\000e\000n\000t}{section.4.1}% 15
\BOOKMARK [2][-]{subsection.4.1.5}{\376\377\000a\000n\000o\000o\000g\000.\000a\000u\000t\000o\000m\000a\000t\000i\000o\000n\000.\000g\000r\000a\000p\000h\000i\000c\000a\000l\000\137\000u\000s\000e\000r\000\137\000i\000n\000t\000e\000r\000f\000a\000c\000e}{section.4.1}% 16
\BOOKMARK [2][-]{subsection.4.1.6}{\376\377\000a\000n\000o\000o\000g\000.\000a\000u\000t\000o\000m\000a\000t\000i\000o\000n\000.\000p\000y\000\137\000e\000x\000e\000\137\000i\000n\000t\000e\000r\000f\000a\000c\000e}{section.4.1}% 17
\BOOKMARK [1][-]{section.4.2}{\376\377\000a\000n\000o\000o\000g\000.\000i\000o}{chapter.4}% 18
\BOOKMARK [2][-]{subsection.4.2.1}{\376\377\000a\000n\000o\000o\000g\000.\000i\000o\000.\000c\000s\000v\000\137\000i\000o}{section.4.2}% 19
\BOOKMARK [2][-]{subsection.4.2.2}{\376\377\000a\000n\000o\000o\000g\000.\000i\000o\000.\000d\000a\000t\000a\000\137\000i\000o}{section.4.2}% 20
\BOOKMARK [1][-]{section.4.3}{\376\377\000a\000n\000o\000o\000g\000.\000m\000o\000d\000e\000l}{chapter.4}% 21
\BOOKMARK [2][-]{subsection.4.3.1}{\376\377\000a\000n\000o\000o\000g\000.\000m\000o\000d\000e\000l\000.\000m\000o\000d\000e\000l}{section.4.3}% 22
\BOOKMARK [0][-]{chapter.5}{\376\377\000I\000n\000d\000i\000c\000e\000s\000\040\000a\000n\000d\000\040\000t\000a\000b\000l\000e\000s}{}% 23
\BOOKMARK [0][-]{section*.226}{\376\377\000P\000y\000t\000h\000o\000n\000\040\000M\000o\000d\000u\000l\000e\000\040\000I\000n\000d\000e\000x}{}% 24
